<?xml version="1.0" encoding="UTF-8"?>
<testng-results ignored="0" total="1" passed="1" failed="0" skipped="0">
  <reporter-output>
  </reporter-output>
  <suite started-at="2025-08-23T11:59:50 IST" name="Default suite" finished-at="2025-08-23T11:59:52 IST" duration-ms="1948">
    <groups>
    </groups>
    <test started-at="2025-08-23T11:59:50 IST" name="Default test" finished-at="2025-08-23T11:59:52 IST" duration-ms="1948">
      <class name="non_bdd_style.B4_JsonSimpleDependency">
        <test-method signature="serilization()[pri:0, instance:non_bdd_style.B4_JsonSimpleDependency@77fbd92c]" started-at="2025-08-23T11:59:50 IST" name="serilization" finished-at="2025-08-23T11:59:52 IST" duration-ms="1893" status="PASS">
          <reporter-output>
          </reporter-output>
        </test-method> <!-- serilization -->
      </class> <!-- non_bdd_style.B4_JsonSimpleDependency -->
    </test> <!-- Default test -->
  </suite> <!-- Default suite -->
</testng-results>
