<?xml version="1.0" encoding="UTF-8"?>
<testng-results ignored="0" total="1" passed="1" failed="0" skipped="0">
  <reporter-output>
  </reporter-output>
  <suite started-at="2025-08-26T23:29:31 IST" name="Default suite" finished-at="2025-08-26T23:29:32 IST" duration-ms="1374">
    <groups>
    </groups>
    <test started-at="2025-08-26T23:29:31 IST" name="Default test" finished-at="2025-08-26T23:29:32 IST" duration-ms="1374">
      <class name="A2_JSONSCHEMA.MatchesJsonSchema">
        <test-method signature="testMatchesJsonSchema()[pri:0, instance:A2_JSONSCHEMA.MatchesJsonSchema@692f203f]" started-at="2025-08-26T23:29:31 IST" name="testMatchesJsonSchema" finished-at="2025-08-26T23:29:32 IST" duration-ms="1335" status="PASS">
          <reporter-output>
          </reporter-output>
        </test-method> <!-- testMatchesJsonSchema -->
      </class> <!-- A2_JSONSCHEMA.MatchesJsonSchema -->
    </test> <!-- Default test -->
  </suite> <!-- Default suite -->
</testng-results>
