<?xml version="1.0" encoding="UTF-8"?>
<!-- Generated by org.testng.reporters.JUnitXMLReporter -->
<testsuite ignored="0" hostname="Harish" failures="0" tests="3" name="Default test" time="0.851" errors="0" timestamp="2025-10-01T13:57:35 IST">
  <testcase classname="C07_RequestSpecification.MultipleRequestSpecification" name="getEmployeeBDD_one" time="0.744"/>
  <testcase classname="C07_RequestSpecification.MultipleRequestSpecification" name="getEmployeesBDD" time="0.019"/>
  <testcase classname="C07_RequestSpecification.MultipleRequestSpecification" name="postEmployeeBDD_Two" time="0.052"/>
</testsuite> <!-- Default test -->
