<?xml version="1.0" encoding="UTF-8"?>
<!-- Generated by org.testng.reporters.JUnitXMLReporter -->
<testsuite ignored="0" hostname="Harish" failures="0" tests="2" name="Default test" time="0.912" errors="0" timestamp="2025-09-24T19:53:51 IST">
  <testcase classname="C07_RequestSpecification.RequestSpecificationExample" name="getEmployeeBDD_one" time="0.852"/>
  <testcase classname="C07_RequestSpecification.RequestSpecificationExample" name="getEmployeesBDD" time="0.022"/>
</testsuite> <!-- Default test -->
